<?xml version="1.0" encoding="UTF-8"?>
<testng-results ignored="0" total="1" passed="1" failed="0" skipped="0">
  <reporter-output>
  </reporter-output>
  <suite started-at="2021-03-18T21:55:50 EDT" name="Default suite" finished-at="2021-03-18T21:56:00 EDT" duration-ms="9852">
    <groups>
    </groups>
    <test started-at="2021-03-18T21:55:50 EDT" name="Default test" finished-at="2021-03-18T21:56:00 EDT" duration-ms="9852">
      <class name="maven3.TestNG">
        <test-method is-config="true" signature="before()[pri:0, instance:maven3.TestNG@3d121db3]" started-at="2021-03-18T21:55:50 EDT" name="before" finished-at="2021-03-18T21:55:56 EDT" duration-ms="5725" status="PASS">
          <reporter-output>
          </reporter-output>
        </test-method> <!-- before -->
        <test-method signature="test()[pri:0, instance:maven3.TestNG@3d121db3]" started-at="2021-03-18T21:55:56 EDT" name="test" finished-at="2021-03-18T21:55:56 EDT" duration-ms="3" status="PASS">
          <reporter-output>
          </reporter-output>
        </test-method> <!-- test -->
        <test-method is-config="true" signature="after()[pri:0, instance:maven3.TestNG@3d121db3]" started-at="2021-03-18T21:55:56 EDT" name="after" finished-at="2021-03-18T21:56:00 EDT" duration-ms="4071" status="PASS">
          <reporter-output>
          </reporter-output>
        </test-method> <!-- after -->
      </class> <!-- maven3.TestNG -->
    </test> <!-- Default test -->
  </suite> <!-- Default suite -->
</testng-results>
